<?xml version="1.0" encoding="UTF-8"?>
<!-- Generated by org.testng.reporters.JUnitReportReporter -->
<testsuite skipped="0" hostname="QAYSARs-MBP.hub" name="com.org.LearningMaven.AppiumTest" tests="2" failures="0" timestamp="2020-08-11T23:18:37 AEST" time="0.005" errors="0">
  <testcase name="IOSApps" time="0.004" classname="com.org.LearningMaven.AppiumTest"/>
  <system-out/>
  <testcase name="NativeAppAndrouid" time="0.001" classname="com.org.LearningMaven.AppiumTest"/>
  <system-out/>
</testsuite> <!-- com.org.LearningMaven.AppiumTest -->
