<?xml version="1.0" encoding="UTF-8"?>
<!-- Generated by org.testng.reporters.JUnitReportReporter -->
<testsuite skipped="0" hostname="QAYSARs-MBP.hub" name="com.org.LearningMaven.SeleniumTest" tests="2" failures="0" timestamp="2020-08-11T23:18:37 AEST" time="0.000" errors="0">
  <testcase name="ElementsUIn" time="0.000" classname="com.org.LearningMaven.SeleniumTest"/>
  <system-out/>
  <testcase name="BrowserAutomation" time="0.000" classname="com.org.LearningMaven.SeleniumTest"/>
  <system-out/>
</testsuite> <!-- com.org.LearningMaven.SeleniumTest -->
